c:\users\lants\desktop\junkyard\timetodx\build\timetodx.dir\debug\vc143.pdb
c:\users\lants\desktop\junkyard\timetodx\build\timetodx.dir\debug\window.obj
c:\users\lants\desktop\junkyard\timetodx\build\timetodx.dir\debug\main.obj
c:\users\lants\desktop\junkyard\timetodx\build\timetodx.dir\debug\gltfimporter.obj
c:\users\lants\desktop\junkyard\timetodx\build\cmakefiles\generate.stamp
c:\users\lants\desktop\junkyard\timetodx\build\timetodx.dir\debug\timetodx.ilk
c:\users\lants\desktop\junkyard\timetodx\build\debug\timetodx.pdb
c:\users\lants\desktop\junkyard\timetodx\build\timetodx.dir\debug\timetodx.tlog\cl.command.1.tlog
c:\users\lants\desktop\junkyard\timetodx\build\timetodx.dir\debug\timetodx.tlog\cl.items.tlog
c:\users\lants\desktop\junkyard\timetodx\build\timetodx.dir\debug\timetodx.tlog\cl.read.1.tlog
c:\users\lants\desktop\junkyard\timetodx\build\timetodx.dir\debug\timetodx.tlog\cl.write.1.tlog
c:\users\lants\desktop\junkyard\timetodx\build\timetodx.dir\debug\timetodx.tlog\custombuild.command.1.tlog
c:\users\lants\desktop\junkyard\timetodx\build\timetodx.dir\debug\timetodx.tlog\custombuild.read.1.tlog
c:\users\lants\desktop\junkyard\timetodx\build\timetodx.dir\debug\timetodx.tlog\custombuild.write.1.tlog
c:\users\lants\desktop\junkyard\timetodx\build\timetodx.dir\debug\timetodx.tlog\link-cvtres.read.1.tlog
c:\users\lants\desktop\junkyard\timetodx\build\timetodx.dir\debug\timetodx.tlog\link-cvtres.write.1.tlog
c:\users\lants\desktop\junkyard\timetodx\build\timetodx.dir\debug\timetodx.tlog\link-rc.read.1.tlog
c:\users\lants\desktop\junkyard\timetodx\build\timetodx.dir\debug\timetodx.tlog\link-rc.write.1.tlog
c:\users\lants\desktop\junkyard\timetodx\build\timetodx.dir\debug\timetodx.tlog\link.9352-cvtres.read.1.tlog
c:\users\lants\desktop\junkyard\timetodx\build\timetodx.dir\debug\timetodx.tlog\link.9352-cvtres.write.1.tlog
c:\users\lants\desktop\junkyard\timetodx\build\timetodx.dir\debug\timetodx.tlog\link.9352-rc.read.1.tlog
c:\users\lants\desktop\junkyard\timetodx\build\timetodx.dir\debug\timetodx.tlog\link.9352-rc.write.1.tlog
c:\users\lants\desktop\junkyard\timetodx\build\timetodx.dir\debug\timetodx.tlog\link.9352.read.1.tlog
c:\users\lants\desktop\junkyard\timetodx\build\timetodx.dir\debug\timetodx.tlog\link.9352.read.2.tlog
c:\users\lants\desktop\junkyard\timetodx\build\timetodx.dir\debug\timetodx.tlog\link.9352.read.3.tlog
c:\users\lants\desktop\junkyard\timetodx\build\timetodx.dir\debug\timetodx.tlog\link.9352.read.4.tlog
c:\users\lants\desktop\junkyard\timetodx\build\timetodx.dir\debug\timetodx.tlog\link.9352.write.1.tlog
c:\users\lants\desktop\junkyard\timetodx\build\timetodx.dir\debug\timetodx.tlog\link.command.1.tlog
c:\users\lants\desktop\junkyard\timetodx\build\timetodx.dir\debug\timetodx.tlog\link.read.1.tlog
c:\users\lants\desktop\junkyard\timetodx\build\timetodx.dir\debug\timetodx.tlog\link.read.2.tlog
c:\users\lants\desktop\junkyard\timetodx\build\timetodx.dir\debug\timetodx.tlog\link.read.3.tlog
c:\users\lants\desktop\junkyard\timetodx\build\timetodx.dir\debug\timetodx.tlog\link.read.4.tlog
c:\users\lants\desktop\junkyard\timetodx\build\timetodx.dir\debug\timetodx.tlog\link.read.5.tlog
c:\users\lants\desktop\junkyard\timetodx\build\timetodx.dir\debug\timetodx.tlog\link.secondary.1.tlog
c:\users\lants\desktop\junkyard\timetodx\build\timetodx.dir\debug\timetodx.tlog\link.write.1.tlog
